Analysis & Synthesis report for class05_activity01
Sun Oct 15 10:30:49 2023
Quartus Prime Version 20.1.0 Build 711 06/05/2020 SJ Lite Edition


---------------------
; Table of Contents ;
---------------------
  1. Legal Notice
  2. Analysis & Synthesis Summary
  3. Analysis & Synthesis Settings
  4. Parallel Compilation
  5. Analysis & Synthesis Source Files Read
  6. Analysis & Synthesis Resource Usage Summary
  7. Analysis & Synthesis Resource Utilization by Entity
  8. General Register Statistics
  9. Parameter Settings for User Entity Instance: Top-level Entity: |topLevel
 10. Parameter Settings for User Entity Instance: registradorGenerico:PC
 11. Parameter Settings for User Entity Instance: somaConstante:incrementaPC
 12. Parameter Settings for User Entity Instance: muxGenerico2x1:MUX_JMP
 13. Parameter Settings for User Entity Instance: memoriaROM:ROM
 14. Parameter Settings for User Entity Instance: muxGenerico2x1:MUX_ULA
 15. Parameter Settings for User Entity Instance: registradorGenerico:REGA
 16. Parameter Settings for User Entity Instance: memoriaRAM:RAM1
 17. Parameter Settings for User Entity Instance: ULASomaSub:ULA1
 18. Port Connectivity Checks: "registradorGenerico:REGA"
 19. Port Connectivity Checks: "registradorGenerico:PC"
 20. Post-Synthesis Netlist Statistics for Top Partition
 21. Elapsed Time Per Partition
 22. Analysis & Synthesis Messages



----------------
; Legal Notice ;
----------------
Copyright (C) 2020  Intel Corporation. All rights reserved.
Your use of Intel Corporation's design tools, logic functions 
and other software and tools, and any partner logic 
functions, and any output files from any of the foregoing 
(including device programming or simulation files), and any 
associated documentation or information are expressly subject 
to the terms and conditions of the Intel Program License 
Subscription Agreement, the Intel Quartus Prime License Agreement,
the Intel FPGA IP License Agreement, or other applicable license
agreement, including, without limitation, that your use is for
the sole purpose of programming logic devices manufactured by
Intel and sold by Intel or its authorized distributors.  Please
refer to the applicable agreement for further details, at
https://fpgasoftware.intel.com/eula.



+-------------------------------------------------------------------------------+
; Analysis & Synthesis Summary                                                  ;
+---------------------------------+---------------------------------------------+
; Analysis & Synthesis Status     ; Successful - Sun Oct 15 10:30:49 2023       ;
; Quartus Prime Version           ; 20.1.0 Build 711 06/05/2020 SJ Lite Edition ;
; Revision Name                   ; class05_activity01                          ;
; Top-level Entity Name           ; topLevel                                    ;
; Family                          ; Cyclone V                                   ;
; Logic utilization (in ALMs)     ; N/A                                         ;
; Total registers                 ; 9                                           ;
; Total pins                      ; 21                                          ;
; Total virtual pins              ; 0                                           ;
; Total block memory bits         ; 0                                           ;
; Total DSP Blocks                ; 0                                           ;
; Total HSSI RX PCSs              ; 0                                           ;
; Total HSSI PMA RX Deserializers ; 0                                           ;
; Total HSSI TX PCSs              ; 0                                           ;
; Total HSSI PMA TX Serializers   ; 0                                           ;
; Total PLLs                      ; 0                                           ;
; Total DLLs                      ; 0                                           ;
+---------------------------------+---------------------------------------------+


+---------------------------------------------------------------------------------------------------------------------------+
; Analysis & Synthesis Settings                                                                                             ;
+---------------------------------------------------------------------------------+--------------------+--------------------+
; Option                                                                          ; Setting            ; Default Value      ;
+---------------------------------------------------------------------------------+--------------------+--------------------+
; Device                                                                          ; 5CEBA4F23C7        ;                    ;
; Top-level entity name                                                           ; topLevel           ; class05_activity01 ;
; Family name                                                                     ; Cyclone V          ; Cyclone V          ;
; VHDL Show LMF Mapping Messages                                                  ; Off                ;                    ;
; VHDL Version                                                                    ; VHDL_2008          ; VHDL_1993          ;
; Use smart compilation                                                           ; Off                ; Off                ;
; Enable parallel Assembler and Timing Analyzer during compilation                ; On                 ; On                 ;
; Enable compact report table                                                     ; Off                ; Off                ;
; Restructure Multiplexers                                                        ; Auto               ; Auto               ;
; MLAB Add Timing Constraints For Mixed-Port Feed-Through Mode Setting Don't Care ; Off                ; Off                ;
; Create Debugging Nodes for IP Cores                                             ; Off                ; Off                ;
; Preserve fewer node names                                                       ; On                 ; On                 ;
; Intel FPGA IP Evaluation Mode                                                   ; Enable             ; Enable             ;
; Verilog Version                                                                 ; Verilog_2001       ; Verilog_2001       ;
; State Machine Processing                                                        ; Auto               ; Auto               ;
; Safe State Machine                                                              ; Off                ; Off                ;
; Extract Verilog State Machines                                                  ; On                 ; On                 ;
; Extract VHDL State Machines                                                     ; On                 ; On                 ;
; Ignore Verilog initial constructs                                               ; Off                ; Off                ;
; Iteration limit for constant Verilog loops                                      ; 5000               ; 5000               ;
; Iteration limit for non-constant Verilog loops                                  ; 250                ; 250                ;
; Add Pass-Through Logic to Inferred RAMs                                         ; On                 ; On                 ;
; Infer RAMs from Raw Logic                                                       ; On                 ; On                 ;
; Parallel Synthesis                                                              ; On                 ; On                 ;
; DSP Block Balancing                                                             ; Auto               ; Auto               ;
; NOT Gate Push-Back                                                              ; On                 ; On                 ;
; Power-Up Don't Care                                                             ; On                 ; On                 ;
; Remove Redundant Logic Cells                                                    ; Off                ; Off                ;
; Remove Duplicate Registers                                                      ; On                 ; On                 ;
; Ignore CARRY Buffers                                                            ; Off                ; Off                ;
; Ignore CASCADE Buffers                                                          ; Off                ; Off                ;
; Ignore GLOBAL Buffers                                                           ; Off                ; Off                ;
; Ignore ROW GLOBAL Buffers                                                       ; Off                ; Off                ;
; Ignore LCELL Buffers                                                            ; Off                ; Off                ;
; Ignore SOFT Buffers                                                             ; On                 ; On                 ;
; Limit AHDL Integers to 32 Bits                                                  ; Off                ; Off                ;
; Optimization Technique                                                          ; Balanced           ; Balanced           ;
; Carry Chain Length                                                              ; 70                 ; 70                 ;
; Auto Carry Chains                                                               ; On                 ; On                 ;
; Auto Open-Drain Pins                                                            ; On                 ; On                 ;
; Perform WYSIWYG Primitive Resynthesis                                           ; Off                ; Off                ;
; Auto ROM Replacement                                                            ; On                 ; On                 ;
; Auto RAM Replacement                                                            ; On                 ; On                 ;
; Auto DSP Block Replacement                                                      ; On                 ; On                 ;
; Auto Shift Register Replacement                                                 ; Auto               ; Auto               ;
; Allow Shift Register Merging across Hierarchies                                 ; Auto               ; Auto               ;
; Auto Clock Enable Replacement                                                   ; On                 ; On                 ;
; Strict RAM Replacement                                                          ; Off                ; Off                ;
; Allow Synchronous Control Signals                                               ; On                 ; On                 ;
; Force Use of Synchronous Clear Signals                                          ; Off                ; Off                ;
; Auto Resource Sharing                                                           ; Off                ; Off                ;
; Allow Any RAM Size For Recognition                                              ; Off                ; Off                ;
; Allow Any ROM Size For Recognition                                              ; Off                ; Off                ;
; Allow Any Shift Register Size For Recognition                                   ; Off                ; Off                ;
; Use LogicLock Constraints during Resource Balancing                             ; On                 ; On                 ;
; Ignore translate_off and synthesis_off directives                               ; Off                ; Off                ;
; Timing-Driven Synthesis                                                         ; On                 ; On                 ;
; Report Parameter Settings                                                       ; On                 ; On                 ;
; Report Source Assignments                                                       ; On                 ; On                 ;
; Report Connectivity Checks                                                      ; On                 ; On                 ;
; Ignore Maximum Fan-Out Assignments                                              ; Off                ; Off                ;
; Synchronization Register Chain Length                                           ; 3                  ; 3                  ;
; Power Optimization During Synthesis                                             ; Normal compilation ; Normal compilation ;
; HDL message level                                                               ; Level2             ; Level2             ;
; Suppress Register Optimization Related Messages                                 ; Off                ; Off                ;
; Number of Removed Registers Reported in Synthesis Report                        ; 5000               ; 5000               ;
; Number of Swept Nodes Reported in Synthesis Report                              ; 5000               ; 5000               ;
; Number of Inverted Registers Reported in Synthesis Report                       ; 100                ; 100                ;
; Clock MUX Protection                                                            ; On                 ; On                 ;
; Auto Gated Clock Conversion                                                     ; Off                ; Off                ;
; Block Design Naming                                                             ; Auto               ; Auto               ;
; SDC constraint protection                                                       ; Off                ; Off                ;
; Synthesis Effort                                                                ; Auto               ; Auto               ;
; Shift Register Replacement - Allow Asynchronous Clear Signal                    ; On                 ; On                 ;
; Pre-Mapping Resynthesis Optimization                                            ; Off                ; Off                ;
; Analysis & Synthesis Message Level                                              ; Medium             ; Medium             ;
; Disable Register Merging Across Hierarchies                                     ; Auto               ; Auto               ;
; Resource Aware Inference For Block RAM                                          ; On                 ; On                 ;
; Automatic Parallel Synthesis                                                    ; On                 ; On                 ;
; Partial Reconfiguration Bitstream ID                                            ; Off                ; Off                ;
+---------------------------------------------------------------------------------+--------------------+--------------------+


+------------------------------------------+
; Parallel Compilation                     ;
+----------------------------+-------------+
; Processors                 ; Number      ;
+----------------------------+-------------+
; Number detected on machine ; 20          ;
; Maximum allowed            ; 14          ;
;                            ;             ;
; Average used               ; 1.00        ;
; Maximum used               ; 14          ;
;                            ;             ;
; Usage by Processor         ; % Time Used ;
;     Processor 1            ; 100.0%      ;
;     Processors 2-14        ;   0.0%      ;
+----------------------------+-------------+


+--------------------------------------------------------------------------------------------------------------------------------------------------------------------------------------------------------+
; Analysis & Synthesis Source Files Read                                                                                                                                                                 ;
+----------------------------------+-----------------+-----------------+-----------------------------------------------------------------------------------------------------------------------+---------+
; File Name with User-Entered Path ; Used in Netlist ; File Type       ; File Name with Absolute Path                                                                                          ; Library ;
+----------------------------------+-----------------+-----------------+-----------------------------------------------------------------------------------------------------------------------+---------+
; topLevel.vhd                     ; yes             ; User VHDL File  ; C:/Users/Enricco Gemha/Developer/courses-at-Insper/processors/class05_Jump/class05_activity01/topLevel.vhd            ;         ;
; muxGenerico2x1.vhd               ; yes             ; User VHDL File  ; C:/Users/Enricco Gemha/Developer/courses-at-Insper/processors/class05_Jump/class05_activity01/muxGenerico2x1.vhd      ;         ;
; registradorGenerico.vhd          ; yes             ; User VHDL File  ; C:/Users/Enricco Gemha/Developer/courses-at-Insper/processors/class05_Jump/class05_activity01/registradorGenerico.vhd ;         ;
; somaConstante.vhd                ; yes             ; User VHDL File  ; C:/Users/Enricco Gemha/Developer/courses-at-Insper/processors/class05_Jump/class05_activity01/somaConstante.vhd       ;         ;
; ULASomaSub.vhd                   ; yes             ; User VHDL File  ; C:/Users/Enricco Gemha/Developer/courses-at-Insper/processors/class05_Jump/class05_activity01/ULASomaSub.vhd          ;         ;
; memoriaROM.vhd                   ; yes             ; User VHDL File  ; C:/Users/Enricco Gemha/Developer/courses-at-Insper/processors/class05_Jump/class05_activity01/memoriaROM.vhd          ;         ;
; memoriaRAM.vhd                   ; yes             ; User VHDL File  ; C:/Users/Enricco Gemha/Developer/courses-at-Insper/processors/class05_Jump/class05_activity01/memoriaRAM.vhd          ;         ;
; decoderGeneric.vhd               ; yes             ; User VHDL File  ; C:/Users/Enricco Gemha/Developer/courses-at-Insper/processors/class05_Jump/class05_activity01/decoderGeneric.vhd      ;         ;
+----------------------------------+-----------------+-----------------+-----------------------------------------------------------------------------------------------------------------------+---------+


+-----------------------------------------------------------------------+
; Analysis & Synthesis Resource Usage Summary                           ;
+---------------------------------------------+-------------------------+
; Resource                                    ; Usage                   ;
+---------------------------------------------+-------------------------+
; Estimate of Logic utilization (ALMs needed) ; 9                       ;
;                                             ;                         ;
; Combinational ALUT usage for logic          ; 17                      ;
;     -- 7 input functions                    ; 0                       ;
;     -- 6 input functions                    ; 1                       ;
;     -- 5 input functions                    ; 6                       ;
;     -- 4 input functions                    ; 0                       ;
;     -- <=3 input functions                  ; 10                      ;
;                                             ;                         ;
; Dedicated logic registers                   ; 9                       ;
;                                             ;                         ;
; I/O pins                                    ; 21                      ;
;                                             ;                         ;
; Total DSP Blocks                            ; 0                       ;
;                                             ;                         ;
; Maximum fan-out node                        ; memoriaROM:ROM|memROM~1 ;
; Maximum fan-out                             ; 10                      ;
; Total fan-out                               ; 120                     ;
; Average fan-out                             ; 1.76                    ;
+---------------------------------------------+-------------------------+


+----------------------------------------------------------------------------------------------------------------------------------------------------------------------------------------------------------------------+
; Analysis & Synthesis Resource Utilization by Entity                                                                                                                                                                  ;
+---------------------------------+---------------------+---------------------------+-------------------+------------+------+--------------+--------------------------------------+---------------------+--------------+
; Compilation Hierarchy Node      ; Combinational ALUTs ; Dedicated Logic Registers ; Block Memory Bits ; DSP Blocks ; Pins ; Virtual Pins ; Full Hierarchy Name                  ; Entity Name         ; Library Name ;
+---------------------------------+---------------------+---------------------------+-------------------+------------+------+--------------+--------------------------------------+---------------------+--------------+
; |topLevel                       ; 17 (1)              ; 9 (0)                     ; 0                 ; 0          ; 21   ; 0            ; |topLevel                            ; topLevel            ; work         ;
;    |memoriaROM:ROM|             ; 7 (7)               ; 0 (0)                     ; 0                 ; 0          ; 0    ; 0            ; |topLevel|memoriaROM:ROM             ; memoriaROM          ; work         ;
;    |registradorGenerico:PC|     ; 0 (0)               ; 9 (9)                     ; 0                 ; 0          ; 0    ; 0            ; |topLevel|registradorGenerico:PC     ; registradorGenerico ; work         ;
;    |somaConstante:incrementaPC| ; 9 (9)               ; 0 (0)                     ; 0                 ; 0          ; 0    ; 0            ; |topLevel|somaConstante:incrementaPC ; somaConstante       ; work         ;
+---------------------------------+---------------------+---------------------------+-------------------+------------+------+--------------+--------------------------------------+---------------------+--------------+
Note: For table entries with two numbers listed, the numbers in parentheses indicate the number of resources of the given type used by the specific entity alone. The numbers listed outside of parentheses indicate the total resources of the given type used by the specific entity and all of its sub-entities in the hierarchy.


+------------------------------------------------------+
; General Register Statistics                          ;
+----------------------------------------------+-------+
; Statistic                                    ; Value ;
+----------------------------------------------+-------+
; Total registers                              ; 9     ;
; Number of registers using Synchronous Clear  ; 0     ;
; Number of registers using Synchronous Load   ; 9     ;
; Number of registers using Asynchronous Clear ; 0     ;
; Number of registers using Asynchronous Load  ; 0     ;
; Number of registers using Clock Enable       ; 0     ;
; Number of registers using Preset             ; 0     ;
+----------------------------------------------+-------+


+--------------------------------------------------------------------------+
; Parameter Settings for User Entity Instance: Top-level Entity: |topLevel ;
+-------------------------+-------+----------------------------------------+
; Parameter Name          ; Value ; Type                                   ;
+-------------------------+-------+----------------------------------------+
; larguraDados            ; 8     ; Signed Integer                         ;
; larguraEnderecos        ; 9     ; Signed Integer                         ;
; larguraInstrucoes       ; 13    ; Signed Integer                         ;
; larguraSinaisDeControle ; 7     ; Signed Integer                         ;
; simulacao               ; true  ; Enumerated                             ;
+-------------------------+-------+----------------------------------------+
Note: In order to hide this table in the UI and the text report file, please set the "Show Parameter Settings in Synthesis Report" option in "Analysis and Synthesis Settings -> More Settings" to "Off".


+---------------------------------------------------------------------+
; Parameter Settings for User Entity Instance: registradorGenerico:PC ;
+----------------+-------+--------------------------------------------+
; Parameter Name ; Value ; Type                                       ;
+----------------+-------+--------------------------------------------+
; larguradados   ; 9     ; Signed Integer                             ;
+----------------+-------+--------------------------------------------+
Note: In order to hide this table in the UI and the text report file, please set the "Show Parameter Settings in Synthesis Report" option in "Analysis and Synthesis Settings -> More Settings" to "Off".


+-------------------------------------------------------------------------+
; Parameter Settings for User Entity Instance: somaConstante:incrementaPC ;
+----------------+-------+------------------------------------------------+
; Parameter Name ; Value ; Type                                           ;
+----------------+-------+------------------------------------------------+
; larguradados   ; 9     ; Signed Integer                                 ;
; constante      ; 1     ; Signed Integer                                 ;
+----------------+-------+------------------------------------------------+
Note: In order to hide this table in the UI and the text report file, please set the "Show Parameter Settings in Synthesis Report" option in "Analysis and Synthesis Settings -> More Settings" to "Off".


+---------------------------------------------------------------------+
; Parameter Settings for User Entity Instance: muxGenerico2x1:MUX_JMP ;
+----------------+-------+--------------------------------------------+
; Parameter Name ; Value ; Type                                       ;
+----------------+-------+--------------------------------------------+
; larguradados   ; 9     ; Signed Integer                             ;
+----------------+-------+--------------------------------------------+
Note: In order to hide this table in the UI and the text report file, please set the "Show Parameter Settings in Synthesis Report" option in "Analysis and Synthesis Settings -> More Settings" to "Off".


+-------------------------------------------------------------+
; Parameter Settings for User Entity Instance: memoriaROM:ROM ;
+----------------+-------+------------------------------------+
; Parameter Name ; Value ; Type                               ;
+----------------+-------+------------------------------------+
; datawidth      ; 13    ; Signed Integer                     ;
; addrwidth      ; 9     ; Signed Integer                     ;
+----------------+-------+------------------------------------+
Note: In order to hide this table in the UI and the text report file, please set the "Show Parameter Settings in Synthesis Report" option in "Analysis and Synthesis Settings -> More Settings" to "Off".


+---------------------------------------------------------------------+
; Parameter Settings for User Entity Instance: muxGenerico2x1:MUX_ULA ;
+----------------+-------+--------------------------------------------+
; Parameter Name ; Value ; Type                                       ;
+----------------+-------+--------------------------------------------+
; larguradados   ; 8     ; Signed Integer                             ;
+----------------+-------+--------------------------------------------+
Note: In order to hide this table in the UI and the text report file, please set the "Show Parameter Settings in Synthesis Report" option in "Analysis and Synthesis Settings -> More Settings" to "Off".


+-----------------------------------------------------------------------+
; Parameter Settings for User Entity Instance: registradorGenerico:REGA ;
+----------------+-------+----------------------------------------------+
; Parameter Name ; Value ; Type                                         ;
+----------------+-------+----------------------------------------------+
; larguradados   ; 8     ; Signed Integer                               ;
+----------------+-------+----------------------------------------------+
Note: In order to hide this table in the UI and the text report file, please set the "Show Parameter Settings in Synthesis Report" option in "Analysis and Synthesis Settings -> More Settings" to "Off".


+--------------------------------------------------------------+
; Parameter Settings for User Entity Instance: memoriaRAM:RAM1 ;
+----------------+-------+-------------------------------------+
; Parameter Name ; Value ; Type                                ;
+----------------+-------+-------------------------------------+
; datawidth      ; 8     ; Signed Integer                      ;
; addrwidth      ; 8     ; Signed Integer                      ;
+----------------+-------+-------------------------------------+
Note: In order to hide this table in the UI and the text report file, please set the "Show Parameter Settings in Synthesis Report" option in "Analysis and Synthesis Settings -> More Settings" to "Off".


+--------------------------------------------------------------+
; Parameter Settings for User Entity Instance: ULASomaSub:ULA1 ;
+----------------+-------+-------------------------------------+
; Parameter Name ; Value ; Type                                ;
+----------------+-------+-------------------------------------+
; larguradados   ; 8     ; Signed Integer                      ;
+----------------+-------+-------------------------------------+
Note: In order to hide this table in the UI and the text report file, please set the "Show Parameter Settings in Synthesis Report" option in "Analysis and Synthesis Settings -> More Settings" to "Off".


+------------------------------------------------------+
; Port Connectivity Checks: "registradorGenerico:REGA" ;
+------+-------+----------+----------------------------+
; Port ; Type  ; Severity ; Details                    ;
+------+-------+----------+----------------------------+
; rst  ; Input ; Info     ; Stuck at GND               ;
+------+-------+----------+----------------------------+


+----------------------------------------------------+
; Port Connectivity Checks: "registradorGenerico:PC" ;
+--------+-------+----------+------------------------+
; Port   ; Type  ; Severity ; Details                ;
+--------+-------+----------+------------------------+
; enable ; Input ; Info     ; Stuck at VCC           ;
; rst    ; Input ; Info     ; Stuck at GND           ;
+--------+-------+----------+------------------------+


+-----------------------------------------------------+
; Post-Synthesis Netlist Statistics for Top Partition ;
+-----------------------+-----------------------------+
; Type                  ; Count                       ;
+-----------------------+-----------------------------+
; arriav_ff             ; 9                           ;
;     SLD               ; 9                           ;
; arriav_lcell_comb     ; 17                          ;
;     arith             ; 9                           ;
;         1 data inputs ; 9                           ;
;     normal            ; 8                           ;
;         0 data inputs ; 1                           ;
;         5 data inputs ; 6                           ;
;         6 data inputs ; 1                           ;
; boundary_port         ; 21                          ;
;                       ;                             ;
; Max LUT depth         ; 2.00                        ;
; Average LUT depth     ; 1.67                        ;
+-----------------------+-----------------------------+


+-------------------------------+
; Elapsed Time Per Partition    ;
+----------------+--------------+
; Partition Name ; Elapsed Time ;
+----------------+--------------+
; Top            ; 00:00:06     ;
+----------------+--------------+


+-------------------------------+
; Analysis & Synthesis Messages ;
+-------------------------------+
Info: *******************************************************************
Info: Running Quartus Prime Analysis & Synthesis
    Info: Version 20.1.0 Build 711 06/05/2020 SJ Lite Edition
    Info: Processing started: Sun Oct 15 10:30:34 2023
Info: Command: quartus_map --read_settings_files=on --write_settings_files=off class05_activity01 -c class05_activity01
Warning (18236): Number of processors has not been specified which may cause overloading on shared machines.  Set the global assignment NUM_PARALLEL_PROCESSORS in your QSF to an appropriate value for best performance.
Info (20030): Parallel compilation is enabled and will use 14 of the 14 processors detected
Info (12021): Found 2 design units, including 1 entities, in source file toplevel.vhd
    Info (12022): Found design unit 1: topLevel-arquitetura File: C:/Users/Enricco Gemha/Developer/courses-at-Insper/processors/class05_Jump/class05_activity01/topLevel.vhd Line: 23
    Info (12023): Found entity 1: topLevel File: C:/Users/Enricco Gemha/Developer/courses-at-Insper/processors/class05_Jump/class05_activity01/topLevel.vhd Line: 4
Info (12021): Found 2 design units, including 1 entities, in source file muxgenerico2x1.vhd
    Info (12022): Found design unit 1: muxGenerico2x1-comportamento File: C:/Users/Enricco Gemha/Developer/courses-at-Insper/processors/class05_Jump/class05_activity01/muxGenerico2x1.vhd Line: 14
    Info (12023): Found entity 1: muxGenerico2x1 File: C:/Users/Enricco Gemha/Developer/courses-at-Insper/processors/class05_Jump/class05_activity01/muxGenerico2x1.vhd Line: 4
Info (12021): Found 3 design units, including 1 entities, in source file edgedetector.vhd
    Info (12022): Found design unit 1: edgeDetector-bordaSubida File: C:/Users/Enricco Gemha/Developer/courses-at-Insper/processors/class05_Jump/class05_activity01/edgeDetector.vhd Line: 10
    Info (12022): Found design unit 2: edgeDetector-bordaDescida File: C:/Users/Enricco Gemha/Developer/courses-at-Insper/processors/class05_Jump/class05_activity01/edgeDetector.vhd Line: 23
    Info (12023): Found entity 1: edgeDetector File: C:/Users/Enricco Gemha/Developer/courses-at-Insper/processors/class05_Jump/class05_activity01/edgeDetector.vhd Line: 4
Info (12021): Found 2 design units, including 1 entities, in source file registradorgenerico.vhd
    Info (12022): Found design unit 1: registradorGenerico-comportamento File: C:/Users/Enricco Gemha/Developer/courses-at-Insper/processors/class05_Jump/class05_activity01/registradorGenerico.vhd Line: 15
    Info (12023): Found entity 1: registradorGenerico File: C:/Users/Enricco Gemha/Developer/courses-at-Insper/processors/class05_Jump/class05_activity01/registradorGenerico.vhd Line: 4
Info (12021): Found 2 design units, including 1 entities, in source file somaconstante.vhd
    Info (12022): Found design unit 1: somaConstante-comportamento File: C:/Users/Enricco Gemha/Developer/courses-at-Insper/processors/class05_Jump/class05_activity01/somaConstante.vhd Line: 18
    Info (12023): Found entity 1: somaConstante File: C:/Users/Enricco Gemha/Developer/courses-at-Insper/processors/class05_Jump/class05_activity01/somaConstante.vhd Line: 5
Info (12021): Found 2 design units, including 1 entities, in source file ulasomasub.vhd
    Info (12022): Found design unit 1: ULASomaSub-comportamento File: C:/Users/Enricco Gemha/Developer/courses-at-Insper/processors/class05_Jump/class05_activity01/ULASomaSub.vhd Line: 14
    Info (12023): Found entity 1: ULASomaSub File: C:/Users/Enricco Gemha/Developer/courses-at-Insper/processors/class05_Jump/class05_activity01/ULASomaSub.vhd Line: 5
Info (12021): Found 2 design units, including 1 entities, in source file memoriarom.vhd
    Info (12022): Found design unit 1: memoriaROM-assincrona File: C:/Users/Enricco Gemha/Developer/courses-at-Insper/processors/class05_Jump/class05_activity01/memoriaROM.vhd Line: 16
    Info (12023): Found entity 1: memoriaROM File: C:/Users/Enricco Gemha/Developer/courses-at-Insper/processors/class05_Jump/class05_activity01/memoriaROM.vhd Line: 5
Info (12021): Found 2 design units, including 1 entities, in source file memoriaram.vhd
    Info (12022): Found design unit 1: memoriaRAM-rtl File: C:/Users/Enricco Gemha/Developer/courses-at-Insper/processors/class05_Jump/class05_activity01/memoriaRAM.vhd Line: 21
    Info (12023): Found entity 1: memoriaRAM File: C:/Users/Enricco Gemha/Developer/courses-at-Insper/processors/class05_Jump/class05_activity01/memoriaRAM.vhd Line: 5
Info (12021): Found 2 design units, including 1 entities, in source file decodergeneric.vhd
    Info (12022): Found design unit 1: decoderGeneric-comportamento File: C:/Users/Enricco Gemha/Developer/courses-at-Insper/processors/class05_Jump/class05_activity01/decoderGeneric.vhd Line: 10
    Info (12023): Found entity 1: decoderGeneric File: C:/Users/Enricco Gemha/Developer/courses-at-Insper/processors/class05_Jump/class05_activity01/decoderGeneric.vhd Line: 4
Info (12127): Elaborating entity "topLevel" for the top level hierarchy
Info (12128): Elaborating entity "registradorGenerico" for hierarchy "registradorGenerico:PC" File: C:/Users/Enricco Gemha/Developer/courses-at-Insper/processors/class05_Jump/class05_activity01/topLevel.vhd Line: 73
Info (12128): Elaborating entity "somaConstante" for hierarchy "somaConstante:incrementaPC" File: C:/Users/Enricco Gemha/Developer/courses-at-Insper/processors/class05_Jump/class05_activity01/topLevel.vhd Line: 76
Info (12128): Elaborating entity "muxGenerico2x1" for hierarchy "muxGenerico2x1:MUX_JMP" File: C:/Users/Enricco Gemha/Developer/courses-at-Insper/processors/class05_Jump/class05_activity01/topLevel.vhd Line: 79
Info (12128): Elaborating entity "memoriaROM" for hierarchy "memoriaROM:ROM" File: C:/Users/Enricco Gemha/Developer/courses-at-Insper/processors/class05_Jump/class05_activity01/topLevel.vhd Line: 85
Info (12128): Elaborating entity "muxGenerico2x1" for hierarchy "muxGenerico2x1:MUX_ULA" File: C:/Users/Enricco Gemha/Developer/courses-at-Insper/processors/class05_Jump/class05_activity01/topLevel.vhd Line: 88
Info (12128): Elaborating entity "registradorGenerico" for hierarchy "registradorGenerico:REGA" File: C:/Users/Enricco Gemha/Developer/courses-at-Insper/processors/class05_Jump/class05_activity01/topLevel.vhd Line: 94
Info (12128): Elaborating entity "memoriaRAM" for hierarchy "memoriaRAM:RAM1" File: C:/Users/Enricco Gemha/Developer/courses-at-Insper/processors/class05_Jump/class05_activity01/topLevel.vhd Line: 97
Info (12128): Elaborating entity "ULASomaSub" for hierarchy "ULASomaSub:ULA1" File: C:/Users/Enricco Gemha/Developer/courses-at-Insper/processors/class05_Jump/class05_activity01/topLevel.vhd Line: 100
Info (12128): Elaborating entity "decoderGeneric" for hierarchy "decoderGeneric:DEC" File: C:/Users/Enricco Gemha/Developer/courses-at-Insper/processors/class05_Jump/class05_activity01/topLevel.vhd Line: 103
Warning (13024): Output pins are stuck at VCC or GND
    Warning (13410): Pin "Palavra_Controle[0]" is stuck at GND File: C:/Users/Enricco Gemha/Developer/courses-at-Insper/processors/class05_Jump/class05_activity01/topLevel.vhd Line: 18
    Warning (13410): Pin "Palavra_Controle[1]" is stuck at GND File: C:/Users/Enricco Gemha/Developer/courses-at-Insper/processors/class05_Jump/class05_activity01/topLevel.vhd Line: 18
    Warning (13410): Pin "Palavra_Controle[2]" is stuck at GND File: C:/Users/Enricco Gemha/Developer/courses-at-Insper/processors/class05_Jump/class05_activity01/topLevel.vhd Line: 18
    Warning (13410): Pin "Palavra_Controle[3]" is stuck at GND File: C:/Users/Enricco Gemha/Developer/courses-at-Insper/processors/class05_Jump/class05_activity01/topLevel.vhd Line: 18
    Warning (13410): Pin "Palavra_Controle[4]" is stuck at GND File: C:/Users/Enricco Gemha/Developer/courses-at-Insper/processors/class05_Jump/class05_activity01/topLevel.vhd Line: 18
    Warning (13410): Pin "Palavra_Controle[5]" is stuck at GND File: C:/Users/Enricco Gemha/Developer/courses-at-Insper/processors/class05_Jump/class05_activity01/topLevel.vhd Line: 18
Info (286030): Timing-Driven Synthesis is running
Info (16010): Generating hard_block partition "hard_block:auto_generated_inst"
    Info (16011): Adding 0 node(s), including 0 DDIO, 0 PLL, 0 transceiver and 0 LCELL
Warning (21074): Design contains 4 input pin(s) that do not drive logic
    Warning (15610): No output dependent on input pin "CLOCK_50" File: C:/Users/Enricco Gemha/Developer/courses-at-Insper/processors/class05_Jump/class05_activity01/topLevel.vhd Line: 13
    Warning (15610): No output dependent on input pin "KEY[1]" File: C:/Users/Enricco Gemha/Developer/courses-at-Insper/processors/class05_Jump/class05_activity01/topLevel.vhd Line: 14
    Warning (15610): No output dependent on input pin "KEY[2]" File: C:/Users/Enricco Gemha/Developer/courses-at-Insper/processors/class05_Jump/class05_activity01/topLevel.vhd Line: 14
    Warning (15610): No output dependent on input pin "KEY[3]" File: C:/Users/Enricco Gemha/Developer/courses-at-Insper/processors/class05_Jump/class05_activity01/topLevel.vhd Line: 14
Info (21057): Implemented 38 device resources after synthesis - the final resource count might be different
    Info (21058): Implemented 5 input pins
    Info (21059): Implemented 16 output pins
    Info (21061): Implemented 17 logic cells
Info: Quartus Prime Analysis & Synthesis was successful. 0 errors, 13 warnings
    Info: Peak virtual memory: 4905 megabytes
    Info: Processing ended: Sun Oct 15 10:30:49 2023
    Info: Elapsed time: 00:00:15
    Info: Total CPU time (on all processors): 00:00:04


