Flow report for class05_activity01
Mon Oct 09 14:15:48 2023
Quartus Prime Version 20.1.0 Build 711 06/05/2020 SJ Lite Edition


---------------------
; Table of Contents ;
---------------------
  1. Legal Notice
  2. Flow Summary
  3. Flow Settings
  4. Flow Non-Default Global Settings
  5. Flow Elapsed Time
  6. Flow OS Summary
  7. Flow Log
  8. Flow Messages
  9. Flow Suppressed Messages



----------------
; Legal Notice ;
----------------
Copyright (C) 2020  Intel Corporation. All rights reserved.
Your use of Intel Corporation's design tools, logic functions 
and other software and tools, and any partner logic 
functions, and any output files from any of the foregoing 
(including device programming or simulation files), and any 
associated documentation or information are expressly subject 
to the terms and conditions of the Intel Program License 
Subscription Agreement, the Intel Quartus Prime License Agreement,
the Intel FPGA IP License Agreement, or other applicable license
agreement, including, without limitation, that your use is for
the sole purpose of programming logic devices manufactured by
Intel and sold by Intel or its authorized distributors.  Please
refer to the applicable agreement for further details, at
https://fpgasoftware.intel.com/eula.



+-------------------------------------------------------------------------------+
; Flow Summary                                                                  ;
+---------------------------------+---------------------------------------------+
; Flow Status                     ; Successful - Mon Oct 09 14:15:48 2023       ;
; Quartus Prime Version           ; 20.1.0 Build 711 06/05/2020 SJ Lite Edition ;
; Revision Name                   ; class05_activity01                          ;
; Top-level Entity Name           ; topLevel                                    ;
; Family                          ; Cyclone V                                   ;
; Device                          ; 5CEBA4F23C7                                 ;
; Timing Models                   ; Final                                       ;
; Logic utilization (in ALMs)     ; 9 / 18,480 ( < 1 % )                        ;
; Total registers                 ; 14                                          ;
; Total pins                      ; 39 / 224 ( 17 % )                           ;
; Total virtual pins              ; 0                                           ;
; Total block memory bits         ; 0 / 3,153,920 ( 0 % )                       ;
; Total DSP Blocks                ; 0 / 66 ( 0 % )                              ;
; Total HSSI RX PCSs              ; 0                                           ;
; Total HSSI PMA RX Deserializers ; 0                                           ;
; Total HSSI TX PCSs              ; 0                                           ;
; Total HSSI PMA TX Serializers   ; 0                                           ;
; Total PLLs                      ; 0 / 4 ( 0 % )                               ;
; Total DLLs                      ; 0 / 4 ( 0 % )                               ;
+---------------------------------+---------------------------------------------+


+-----------------------------------------+
; Flow Settings                           ;
+-------------------+---------------------+
; Option            ; Setting             ;
+-------------------+---------------------+
; Start date & time ; 10/09/2023 14:10:05 ;
; Main task         ; Compilation         ;
; Revision Name     ; class05_activity01  ;
+-------------------+---------------------+


+------------------------------------------------------------------------------------------------------------------------------+
; Flow Non-Default Global Settings                                                                                             ;
+-------------------------------------+----------------------------------------+--------------------+-------------+------------+
; Assignment Name                     ; Value                                  ; Default Value      ; Entity Name ; Section Id ;
+-------------------------------------+----------------------------------------+--------------------+-------------+------------+
; COMPILER_SIGNATURE_ID               ; 1095516823623.169687140527616          ; --                 ; --          ; --         ;
; MAX_CORE_JUNCTION_TEMP              ; 85                                     ; --                 ; --          ; --         ;
; MIN_CORE_JUNCTION_TEMP              ; 0                                      ; --                 ; --          ; --         ;
; PARTITION_COLOR                     ; -- (Not supported for targeted family) ; --                 ; topLevel    ; Top        ;
; PARTITION_FITTER_PRESERVATION_LEVEL ; -- (Not supported for targeted family) ; --                 ; topLevel    ; Top        ;
; PARTITION_NETLIST_TYPE              ; -- (Not supported for targeted family) ; --                 ; topLevel    ; Top        ;
; POWER_BOARD_THERMAL_MODEL           ; None (CONSERVATIVE)                    ; --                 ; --          ; --         ;
; POWER_PRESET_COOLING_SOLUTION       ; 23 MM HEAT SINK WITH 200 LFPM AIRFLOW  ; --                 ; --          ; --         ;
; TOP_LEVEL_ENTITY                    ; topLevel                               ; class05_activity01 ; --          ; --         ;
; VHDL_INPUT_VERSION                  ; VHDL_2008                              ; VHDL_1993          ; --          ; --         ;
; VHDL_SHOW_LMF_MAPPING_MESSAGES      ; Off                                    ; --                 ; --          ; --         ;
+-------------------------------------+----------------------------------------+--------------------+-------------+------------+


+--------------------------------------------------------------------------------------------------------------------------+
; Flow Elapsed Time                                                                                                        ;
+----------------------+--------------+-------------------------+---------------------+------------------------------------+
; Module Name          ; Elapsed Time ; Average Processors Used ; Peak Virtual Memory ; Total CPU Time (on all processors) ;
+----------------------+--------------+-------------------------+---------------------+------------------------------------+
; Analysis & Synthesis ; 00:00:06     ; 1.0                     ; 4886 MB             ; 00:00:04                           ;
; Fitter               ; 00:00:20     ; 1.0                     ; 7281 MB             ; 00:00:15                           ;
; Assembler            ; 00:00:02     ; 1.0                     ; 4831 MB             ; 00:00:01                           ;
; Timing Analyzer      ; 00:00:03     ; 1.0                     ; 5169 MB             ; 00:00:01                           ;
; EDA Netlist Writer   ; 00:00:01     ; 1.0                     ; 4712 MB             ; 00:00:00                           ;
; EDA Netlist Writer   ; 00:00:01     ; 1.0                     ; 4720 MB             ; 00:00:00                           ;
; Total                ; 00:00:33     ; --                      ; --                  ; 00:00:21                           ;
+----------------------+--------------+-------------------------+---------------------+------------------------------------+


+------------------------------------------------------------------------------------+
; Flow OS Summary                                                                    ;
+----------------------+------------------+------------+------------+----------------+
; Module Name          ; Machine Hostname ; OS Name    ; OS Version ; Processor type ;
+----------------------+------------------+------------+------------+----------------+
; Analysis & Synthesis ; DESKTOP-833SR39  ; Windows 10 ; 10.0       ; x86_64         ;
; Fitter               ; DESKTOP-833SR39  ; Windows 10 ; 10.0       ; x86_64         ;
; Assembler            ; DESKTOP-833SR39  ; Windows 10 ; 10.0       ; x86_64         ;
; Timing Analyzer      ; DESKTOP-833SR39  ; Windows 10 ; 10.0       ; x86_64         ;
; EDA Netlist Writer   ; DESKTOP-833SR39  ; Windows 10 ; 10.0       ; x86_64         ;
; EDA Netlist Writer   ; DESKTOP-833SR39  ; Windows 10 ; 10.0       ; x86_64         ;
+----------------------+------------------+------------+------------+----------------+


------------
; Flow Log ;
------------
quartus_map --read_settings_files=on --write_settings_files=off class05_activity01 -c class05_activity01
quartus_fit --read_settings_files=off --write_settings_files=off class05_activity01 -c class05_activity01
quartus_asm --read_settings_files=off --write_settings_files=off class05_activity01 -c class05_activity01
quartus_sta class05_activity01 -c class05_activity01
quartus_eda --gen_testbench --tool=modelsim_oem --format=vhdl --write_settings_files=off class05_activity01 -c class05_activity01 --vector_source="C:/Users/Enricco Gemha/Developer/courses-at-Insper/processors/class05_Jump/class05_activity01/Waveform.vwf" --testbench_file="C:/Users/Enricco Gemha/Developer/courses-at-Insper/processors/class05_Jump/class05_activity01/simulation/qsim/Waveform.vwf.vht"
quartus_eda --write_settings_files=off --simulation=on --functional=on --flatten_buses=off --tool=modelsim_oem --format=vhdl --output_directory="C:/Users/Enricco Gemha/Developer/courses-at-Insper/processors/class05_Jump/class05_activity01/simulation/qsim/" class05_activity01 -c class05_activity01



