Analysis & Synthesis report for class04_activity01
Tue Sep 12 12:07:03 2023
Quartus Prime Version 20.1.0 Build 711 06/05/2020 SJ Lite Edition


---------------------
; Table of Contents ;
---------------------
  1. Legal Notice
  2. Analysis & Synthesis Summary
  3. Analysis & Synthesis Settings
  4. Parallel Compilation
  5. Analysis & Synthesis Source Files Read
  6. Analysis & Synthesis Resource Usage Summary
  7. Analysis & Synthesis Resource Utilization by Entity
  8. Registers Removed During Synthesis
  9. General Register Statistics
 10. Multiplexer Restructuring Statistics (Restructuring Performed)
 11. Parameter Settings for User Entity Instance: Top-level Entity: |topLevel
 12. Parameter Settings for User Entity Instance: muxGenerico2x1:MUX1
 13. Parameter Settings for User Entity Instance: registradorGenerico:REGA
 14. Parameter Settings for User Entity Instance: registradorGenerico:PC
 15. Parameter Settings for User Entity Instance: somaConstante:incrementaPC
 16. Parameter Settings for User Entity Instance: memoriaRAM:RAM1
 17. Parameter Settings for User Entity Instance: ULASomaSub:ULA1
 18. Parameter Settings for User Entity Instance: memoriaROM:ROM1
 19. Port Connectivity Checks: "registradorGenerico:PC"
 20. Port Connectivity Checks: "registradorGenerico:REGA"
 21. Post-Synthesis Netlist Statistics for Top Partition
 22. Elapsed Time Per Partition
 23. Analysis & Synthesis Messages



----------------
; Legal Notice ;
----------------
Copyright (C) 2020  Intel Corporation. All rights reserved.
Your use of Intel Corporation's design tools, logic functions 
and other software and tools, and any partner logic 
functions, and any output files from any of the foregoing 
(including device programming or simulation files), and any 
associated documentation or information are expressly subject 
to the terms and conditions of the Intel Program License 
Subscription Agreement, the Intel Quartus Prime License Agreement,
the Intel FPGA IP License Agreement, or other applicable license
agreement, including, without limitation, that your use is for
the sole purpose of programming logic devices manufactured by
Intel and sold by Intel or its authorized distributors.  Please
refer to the applicable agreement for further details, at
https://fpgasoftware.intel.com/eula.



+-------------------------------------------------------------------------------+
; Analysis & Synthesis Summary                                                  ;
+---------------------------------+---------------------------------------------+
; Analysis & Synthesis Status     ; Successful - Tue Sep 12 12:07:03 2023       ;
; Quartus Prime Version           ; 20.1.0 Build 711 06/05/2020 SJ Lite Edition ;
; Revision Name                   ; class04_activity01                          ;
; Top-level Entity Name           ; topLevel                                    ;
; Family                          ; Cyclone V                                   ;
; Logic utilization (in ALMs)     ; N/A                                         ;
; Total registers                 ; 33                                          ;
; Total pins                      ; 38                                          ;
; Total virtual pins              ; 0                                           ;
; Total block memory bits         ; 0                                           ;
; Total DSP Blocks                ; 0                                           ;
; Total HSSI RX PCSs              ; 0                                           ;
; Total HSSI PMA RX Deserializers ; 0                                           ;
; Total HSSI TX PCSs              ; 0                                           ;
; Total HSSI PMA TX Serializers   ; 0                                           ;
; Total PLLs                      ; 0                                           ;
; Total DLLs                      ; 0                                           ;
+---------------------------------+---------------------------------------------+


+---------------------------------------------------------------------------------------------------------------------------+
; Analysis & Synthesis Settings                                                                                             ;
+---------------------------------------------------------------------------------+--------------------+--------------------+
; Option                                                                          ; Setting            ; Default Value      ;
+---------------------------------------------------------------------------------+--------------------+--------------------+
; Device                                                                          ; 5CEBA4F23C7        ;                    ;
; Top-level entity name                                                           ; topLevel           ; class04_activity01 ;
; Family name                                                                     ; Cyclone V          ; Cyclone V          ;
; VHDL Show LMF Mapping Messages                                                  ; Off                ;                    ;
; VHDL Version                                                                    ; VHDL_2008          ; VHDL_1993          ;
; Use smart compilation                                                           ; Off                ; Off                ;
; Enable parallel Assembler and Timing Analyzer during compilation                ; On                 ; On                 ;
; Enable compact report table                                                     ; Off                ; Off                ;
; Restructure Multiplexers                                                        ; Auto               ; Auto               ;
; MLAB Add Timing Constraints For Mixed-Port Feed-Through Mode Setting Don't Care ; Off                ; Off                ;
; Create Debugging Nodes for IP Cores                                             ; Off                ; Off                ;
; Preserve fewer node names                                                       ; On                 ; On                 ;
; Intel FPGA IP Evaluation Mode                                                   ; Enable             ; Enable             ;
; Verilog Version                                                                 ; Verilog_2001       ; Verilog_2001       ;
; State Machine Processing                                                        ; Auto               ; Auto               ;
; Safe State Machine                                                              ; Off                ; Off                ;
; Extract Verilog State Machines                                                  ; On                 ; On                 ;
; Extract VHDL State Machines                                                     ; On                 ; On                 ;
; Ignore Verilog initial constructs                                               ; Off                ; Off                ;
; Iteration limit for constant Verilog loops                                      ; 5000               ; 5000               ;
; Iteration limit for non-constant Verilog loops                                  ; 250                ; 250                ;
; Add Pass-Through Logic to Inferred RAMs                                         ; On                 ; On                 ;
; Infer RAMs from Raw Logic                                                       ; On                 ; On                 ;
; Parallel Synthesis                                                              ; On                 ; On                 ;
; DSP Block Balancing                                                             ; Auto               ; Auto               ;
; NOT Gate Push-Back                                                              ; On                 ; On                 ;
; Power-Up Don't Care                                                             ; On                 ; On                 ;
; Remove Redundant Logic Cells                                                    ; Off                ; Off                ;
; Remove Duplicate Registers                                                      ; On                 ; On                 ;
; Ignore CARRY Buffers                                                            ; Off                ; Off                ;
; Ignore CASCADE Buffers                                                          ; Off                ; Off                ;
; Ignore GLOBAL Buffers                                                           ; Off                ; Off                ;
; Ignore ROW GLOBAL Buffers                                                       ; Off                ; Off                ;
; Ignore LCELL Buffers                                                            ; Off                ; Off                ;
; Ignore SOFT Buffers                                                             ; On                 ; On                 ;
; Limit AHDL Integers to 32 Bits                                                  ; Off                ; Off                ;
; Optimization Technique                                                          ; Balanced           ; Balanced           ;
; Carry Chain Length                                                              ; 70                 ; 70                 ;
; Auto Carry Chains                                                               ; On                 ; On                 ;
; Auto Open-Drain Pins                                                            ; On                 ; On                 ;
; Perform WYSIWYG Primitive Resynthesis                                           ; Off                ; Off                ;
; Auto ROM Replacement                                                            ; On                 ; On                 ;
; Auto RAM Replacement                                                            ; On                 ; On                 ;
; Auto DSP Block Replacement                                                      ; On                 ; On                 ;
; Auto Shift Register Replacement                                                 ; Auto               ; Auto               ;
; Allow Shift Register Merging across Hierarchies                                 ; Auto               ; Auto               ;
; Auto Clock Enable Replacement                                                   ; On                 ; On                 ;
; Strict RAM Replacement                                                          ; Off                ; Off                ;
; Allow Synchronous Control Signals                                               ; On                 ; On                 ;
; Force Use of Synchronous Clear Signals                                          ; Off                ; Off                ;
; Auto Resource Sharing                                                           ; Off                ; Off                ;
; Allow Any RAM Size For Recognition                                              ; Off                ; Off                ;
; Allow Any ROM Size For Recognition                                              ; Off                ; Off                ;
; Allow Any Shift Register Size For Recognition                                   ; Off                ; Off                ;
; Use LogicLock Constraints during Resource Balancing                             ; On                 ; On                 ;
; Ignore translate_off and synthesis_off directives                               ; Off                ; Off                ;
; Timing-Driven Synthesis                                                         ; On                 ; On                 ;
; Report Parameter Settings                                                       ; On                 ; On                 ;
; Report Source Assignments                                                       ; On                 ; On                 ;
; Report Connectivity Checks                                                      ; On                 ; On                 ;
; Ignore Maximum Fan-Out Assignments                                              ; Off                ; Off                ;
; Synchronization Register Chain Length                                           ; 3                  ; 3                  ;
; Power Optimization During Synthesis                                             ; Normal compilation ; Normal compilation ;
; HDL message level                                                               ; Level2             ; Level2             ;
; Suppress Register Optimization Related Messages                                 ; Off                ; Off                ;
; Number of Removed Registers Reported in Synthesis Report                        ; 5000               ; 5000               ;
; Number of Swept Nodes Reported in Synthesis Report                              ; 5000               ; 5000               ;
; Number of Inverted Registers Reported in Synthesis Report                       ; 100                ; 100                ;
; Clock MUX Protection                                                            ; On                 ; On                 ;
; Auto Gated Clock Conversion                                                     ; Off                ; Off                ;
; Block Design Naming                                                             ; Auto               ; Auto               ;
; SDC constraint protection                                                       ; Off                ; Off                ;
; Synthesis Effort                                                                ; Auto               ; Auto               ;
; Shift Register Replacement - Allow Asynchronous Clear Signal                    ; On                 ; On                 ;
; Pre-Mapping Resynthesis Optimization                                            ; Off                ; Off                ;
; Analysis & Synthesis Message Level                                              ; Medium             ; Medium             ;
; Disable Register Merging Across Hierarchies                                     ; Auto               ; Auto               ;
; Resource Aware Inference For Block RAM                                          ; On                 ; On                 ;
; Automatic Parallel Synthesis                                                    ; On                 ; On                 ;
; Partial Reconfiguration Bitstream ID                                            ; Off                ; Off                ;
+---------------------------------------------------------------------------------+--------------------+--------------------+


+------------------------------------------+
; Parallel Compilation                     ;
+----------------------------+-------------+
; Processors                 ; Number      ;
+----------------------------+-------------+
; Number detected on machine ; 20          ;
; Maximum allowed            ; 14          ;
;                            ;             ;
; Average used               ; 1.00        ;
; Maximum used               ; 14          ;
;                            ;             ;
; Usage by Processor         ; % Time Used ;
;     Processor 1            ; 100.0%      ;
;     Processors 2-14        ;   0.0%      ;
+----------------------------+-------------+


+-----------------------------------------------------------------------------------------------------------------------------------------------------------------------------------------------------------------+
; Analysis & Synthesis Source Files Read                                                                                                                                                                          ;
+----------------------------------+-----------------+-----------------+--------------------------------------------------------------------------------------------------------------------------------+---------+
; File Name with User-Entered Path ; Used in Netlist ; File Type       ; File Name with Absolute Path                                                                                                   ; Library ;
+----------------------------------+-----------------+-----------------+--------------------------------------------------------------------------------------------------------------------------------+---------+
; topLevel.vhd                     ; yes             ; User VHDL File  ; C:/Users/Enricco Gemha/Developer/courses-at-Insper/processors/class04_Memory_Values/class04_activity01/topLevel.vhd            ;         ;
; decoderGeneric.vhd               ; yes             ; User VHDL File  ; C:/Users/Enricco Gemha/Developer/courses-at-Insper/processors/class04_Memory_Values/class04_activity01/decoderGeneric.vhd      ;         ;
; memoriaROM.vhd                   ; yes             ; User VHDL File  ; C:/Users/Enricco Gemha/Developer/courses-at-Insper/processors/class04_Memory_Values/class04_activity01/memoriaROM.vhd          ;         ;
; muxGenerico2x1.vhd               ; yes             ; User VHDL File  ; C:/Users/Enricco Gemha/Developer/courses-at-Insper/processors/class04_Memory_Values/class04_activity01/muxGenerico2x1.vhd      ;         ;
; registradorGenerico.vhd          ; yes             ; User VHDL File  ; C:/Users/Enricco Gemha/Developer/courses-at-Insper/processors/class04_Memory_Values/class04_activity01/registradorGenerico.vhd ;         ;
; somaConstante.vhd                ; yes             ; User VHDL File  ; C:/Users/Enricco Gemha/Developer/courses-at-Insper/processors/class04_Memory_Values/class04_activity01/somaConstante.vhd       ;         ;
; ULASomaSub.vhd                   ; yes             ; User VHDL File  ; C:/Users/Enricco Gemha/Developer/courses-at-Insper/processors/class04_Memory_Values/class04_activity01/ULASomaSub.vhd          ;         ;
; memoriaRAM.vhd                   ; yes             ; User VHDL File  ; C:/Users/Enricco Gemha/Developer/courses-at-Insper/processors/class04_Memory_Values/class04_activity01/memoriaRAM.vhd          ;         ;
+----------------------------------+-----------------+-----------------+--------------------------------------------------------------------------------------------------------------------------------+---------+


+------------------------------------------------------------+
; Analysis & Synthesis Resource Usage Summary                ;
+---------------------------------------------+--------------+
; Resource                                    ; Usage        ;
+---------------------------------------------+--------------+
; Estimate of Logic utilization (ALMs needed) ; 34           ;
;                                             ;              ;
; Combinational ALUT usage for logic          ; 58           ;
;     -- 7 input functions                    ; 0            ;
;     -- 6 input functions                    ; 5            ;
;     -- 5 input functions                    ; 20           ;
;     -- 4 input functions                    ; 10           ;
;     -- <=3 input functions                  ; 23           ;
;                                             ;              ;
; Dedicated logic registers                   ; 33           ;
;                                             ;              ;
; I/O pins                                    ; 38           ;
;                                             ;              ;
; Total DSP Blocks                            ; 0            ;
;                                             ;              ;
; Maximum fan-out node                        ; KEY[0]~input ;
; Maximum fan-out                             ; 33           ;
; Total fan-out                               ; 407          ;
; Average fan-out                             ; 2.44         ;
+---------------------------------------------+--------------+


+----------------------------------------------------------------------------------------------------------------------------------------------------------------------------------------------------------------------+
; Analysis & Synthesis Resource Utilization by Entity                                                                                                                                                                  ;
+---------------------------------+---------------------+---------------------------+-------------------+------------+------+--------------+--------------------------------------+---------------------+--------------+
; Compilation Hierarchy Node      ; Combinational ALUTs ; Dedicated Logic Registers ; Block Memory Bits ; DSP Blocks ; Pins ; Virtual Pins ; Full Hierarchy Name                  ; Entity Name         ; Library Name ;
+---------------------------------+---------------------+---------------------------+-------------------+------------+------+--------------+--------------------------------------+---------------------+--------------+
; |topLevel                       ; 58 (0)              ; 33 (0)                    ; 0                 ; 0          ; 38   ; 0            ; |topLevel                            ; topLevel            ; work         ;
;    |ULASomaSub:ULA1|            ; 9 (9)               ; 0 (0)                     ; 0                 ; 0          ; 0    ; 0            ; |topLevel|ULASomaSub:ULA1            ; ULASomaSub          ; work         ;
;    |decoderGeneric:DEC|         ; 7 (7)               ; 0 (0)                     ; 0                 ; 0          ; 0    ; 0            ; |topLevel|decoderGeneric:DEC         ; decoderGeneric      ; work         ;
;    |memoriaRAM:RAM1|            ; 17 (17)             ; 16 (16)                   ; 0                 ; 0          ; 0    ; 0            ; |topLevel|memoriaRAM:RAM1            ; memoriaRAM          ; work         ;
;    |memoriaROM:ROM1|            ; 8 (8)               ; 0 (0)                     ; 0                 ; 0          ; 0    ; 0            ; |topLevel|memoriaROM:ROM1            ; memoriaROM          ; work         ;
;    |muxGenerico2x1:MUX1|        ; 8 (8)               ; 0 (0)                     ; 0                 ; 0          ; 0    ; 0            ; |topLevel|muxGenerico2x1:MUX1        ; muxGenerico2x1      ; work         ;
;    |registradorGenerico:PC|     ; 1 (1)               ; 9 (9)                     ; 0                 ; 0          ; 0    ; 0            ; |topLevel|registradorGenerico:PC     ; registradorGenerico ; work         ;
;    |registradorGenerico:REGA|   ; 0 (0)               ; 8 (8)                     ; 0                 ; 0          ; 0    ; 0            ; |topLevel|registradorGenerico:REGA   ; registradorGenerico ; work         ;
;    |somaConstante:incrementaPC| ; 8 (8)               ; 0 (0)                     ; 0                 ; 0          ; 0    ; 0            ; |topLevel|somaConstante:incrementaPC ; somaConstante       ; work         ;
+---------------------------------+---------------------+---------------------------+-------------------+------------+------+--------------+--------------------------------------+---------------------+--------------+
Note: For table entries with two numbers listed, the numbers in parentheses indicate the number of resources of the given type used by the specific entity alone. The numbers listed outside of parentheses indicate the total resources of the given type used by the specific entity and all of its sub-entities in the hierarchy.


+--------------------------------------------------------------------------------------+
; Registers Removed During Synthesis                                                   ;
+----------------------------------------+---------------------------------------------+
; Register name                          ; Reason for Removal                          ;
+----------------------------------------+---------------------------------------------+
; memoriaRAM:RAM1|ram~57                 ; Stuck at GND due to stuck port clock_enable ;
; memoriaRAM:RAM1|ram~73                 ; Stuck at GND due to stuck port clock_enable ;
; memoriaRAM:RAM1|ram~49                 ; Stuck at GND due to stuck port clock_enable ;
; memoriaRAM:RAM1|ram~65                 ; Stuck at GND due to stuck port clock_enable ;
; memoriaRAM:RAM1|ram~58                 ; Stuck at GND due to stuck port clock_enable ;
; memoriaRAM:RAM1|ram~74                 ; Stuck at GND due to stuck port clock_enable ;
; memoriaRAM:RAM1|ram~50                 ; Stuck at GND due to stuck port clock_enable ;
; memoriaRAM:RAM1|ram~66                 ; Stuck at GND due to stuck port clock_enable ;
; memoriaRAM:RAM1|ram~59                 ; Stuck at GND due to stuck port clock_enable ;
; memoriaRAM:RAM1|ram~75                 ; Stuck at GND due to stuck port clock_enable ;
; memoriaRAM:RAM1|ram~51                 ; Stuck at GND due to stuck port clock_enable ;
; memoriaRAM:RAM1|ram~67                 ; Stuck at GND due to stuck port clock_enable ;
; memoriaRAM:RAM1|ram~60                 ; Stuck at GND due to stuck port clock_enable ;
; memoriaRAM:RAM1|ram~76                 ; Stuck at GND due to stuck port clock_enable ;
; memoriaRAM:RAM1|ram~52                 ; Stuck at GND due to stuck port clock_enable ;
; memoriaRAM:RAM1|ram~68                 ; Stuck at GND due to stuck port clock_enable ;
; memoriaRAM:RAM1|ram~61                 ; Stuck at GND due to stuck port clock_enable ;
; memoriaRAM:RAM1|ram~77                 ; Stuck at GND due to stuck port clock_enable ;
; memoriaRAM:RAM1|ram~53                 ; Stuck at GND due to stuck port clock_enable ;
; memoriaRAM:RAM1|ram~69                 ; Stuck at GND due to stuck port clock_enable ;
; memoriaRAM:RAM1|ram~62                 ; Stuck at GND due to stuck port clock_enable ;
; memoriaRAM:RAM1|ram~78                 ; Stuck at GND due to stuck port clock_enable ;
; memoriaRAM:RAM1|ram~54                 ; Stuck at GND due to stuck port clock_enable ;
; memoriaRAM:RAM1|ram~70                 ; Stuck at GND due to stuck port clock_enable ;
; memoriaRAM:RAM1|ram~63                 ; Stuck at GND due to stuck port clock_enable ;
; memoriaRAM:RAM1|ram~79                 ; Stuck at GND due to stuck port clock_enable ;
; memoriaRAM:RAM1|ram~55                 ; Stuck at GND due to stuck port clock_enable ;
; memoriaRAM:RAM1|ram~71                 ; Stuck at GND due to stuck port clock_enable ;
; memoriaRAM:RAM1|ram~64                 ; Stuck at GND due to stuck port clock_enable ;
; memoriaRAM:RAM1|ram~80                 ; Stuck at GND due to stuck port clock_enable ;
; memoriaRAM:RAM1|ram~56                 ; Stuck at GND due to stuck port clock_enable ;
; memoriaRAM:RAM1|ram~72                 ; Stuck at GND due to stuck port clock_enable ;
; memoriaRAM:RAM1|ram~41                 ; Stuck at GND due to stuck port clock_enable ;
; memoriaRAM:RAM1|ram~33                 ; Stuck at GND due to stuck port clock_enable ;
; memoriaRAM:RAM1|ram~42                 ; Stuck at GND due to stuck port clock_enable ;
; memoriaRAM:RAM1|ram~34                 ; Stuck at GND due to stuck port clock_enable ;
; memoriaRAM:RAM1|ram~43                 ; Stuck at GND due to stuck port clock_enable ;
; memoriaRAM:RAM1|ram~35                 ; Stuck at GND due to stuck port clock_enable ;
; memoriaRAM:RAM1|ram~44                 ; Stuck at GND due to stuck port clock_enable ;
; memoriaRAM:RAM1|ram~36                 ; Stuck at GND due to stuck port clock_enable ;
; memoriaRAM:RAM1|ram~45                 ; Stuck at GND due to stuck port clock_enable ;
; memoriaRAM:RAM1|ram~37                 ; Stuck at GND due to stuck port clock_enable ;
; memoriaRAM:RAM1|ram~46                 ; Stuck at GND due to stuck port clock_enable ;
; memoriaRAM:RAM1|ram~38                 ; Stuck at GND due to stuck port clock_enable ;
; memoriaRAM:RAM1|ram~47                 ; Stuck at GND due to stuck port clock_enable ;
; memoriaRAM:RAM1|ram~39                 ; Stuck at GND due to stuck port clock_enable ;
; memoriaRAM:RAM1|ram~48                 ; Stuck at GND due to stuck port clock_enable ;
; memoriaRAM:RAM1|ram~40                 ; Stuck at GND due to stuck port clock_enable ;
; Total Number of Removed Registers = 48 ;                                             ;
+----------------------------------------+---------------------------------------------+


+------------------------------------------------------+
; General Register Statistics                          ;
+----------------------------------------------+-------+
; Statistic                                    ; Value ;
+----------------------------------------------+-------+
; Total registers                              ; 33    ;
; Number of registers using Synchronous Clear  ; 0     ;
; Number of registers using Synchronous Load   ; 8     ;
; Number of registers using Asynchronous Clear ; 0     ;
; Number of registers using Asynchronous Load  ; 0     ;
; Number of registers using Clock Enable       ; 24    ;
; Number of registers using Preset             ; 0     ;
+----------------------------------------------+-------+


+-----------------------------------------------------------------------------------------------------------------------------------------------------+
; Multiplexer Restructuring Statistics (Restructuring Performed)                                                                                      ;
+--------------------+-----------+---------------+----------------------+------------------------+------------+---------------------------------------+
; Multiplexer Inputs ; Bus Width ; Baseline Area ; Area if Restructured ; Saving if Restructured ; Registered ; Example Multiplexer Output            ;
+--------------------+-----------+---------------+----------------------+------------------------+------------+---------------------------------------+
; 5:1                ; 2 bits    ; 6 LEs         ; 6 LEs                ; 0 LEs                  ; No         ; |topLevel|decoderGeneric:DEC|saida[4] ;
; 6:1                ; 2 bits    ; 8 LEs         ; 8 LEs                ; 0 LEs                  ; No         ; |topLevel|decoderGeneric:DEC|saida[0] ;
+--------------------+-----------+---------------+----------------------+------------------------+------------+---------------------------------------+


+--------------------------------------------------------------------------+
; Parameter Settings for User Entity Instance: Top-level Entity: |topLevel ;
+-------------------------+-------+----------------------------------------+
; Parameter Name          ; Value ; Type                                   ;
+-------------------------+-------+----------------------------------------+
; larguraDados            ; 8     ; Signed Integer                         ;
; larguraEnderecos        ; 9     ; Signed Integer                         ;
; larguraInstrucoes       ; 13    ; Signed Integer                         ;
; larguraSinaisDeControle ; 6     ; Signed Integer                         ;
; simulacao               ; true  ; Enumerated                             ;
+-------------------------+-------+----------------------------------------+
Note: In order to hide this table in the UI and the text report file, please set the "Show Parameter Settings in Synthesis Report" option in "Analysis and Synthesis Settings -> More Settings" to "Off".


+------------------------------------------------------------------+
; Parameter Settings for User Entity Instance: muxGenerico2x1:MUX1 ;
+----------------+-------+-----------------------------------------+
; Parameter Name ; Value ; Type                                    ;
+----------------+-------+-----------------------------------------+
; larguradados   ; 8     ; Signed Integer                          ;
+----------------+-------+-----------------------------------------+
Note: In order to hide this table in the UI and the text report file, please set the "Show Parameter Settings in Synthesis Report" option in "Analysis and Synthesis Settings -> More Settings" to "Off".


+-----------------------------------------------------------------------+
; Parameter Settings for User Entity Instance: registradorGenerico:REGA ;
+----------------+-------+----------------------------------------------+
; Parameter Name ; Value ; Type                                         ;
+----------------+-------+----------------------------------------------+
; larguradados   ; 8     ; Signed Integer                               ;
+----------------+-------+----------------------------------------------+
Note: In order to hide this table in the UI and the text report file, please set the "Show Parameter Settings in Synthesis Report" option in "Analysis and Synthesis Settings -> More Settings" to "Off".


+---------------------------------------------------------------------+
; Parameter Settings for User Entity Instance: registradorGenerico:PC ;
+----------------+-------+--------------------------------------------+
; Parameter Name ; Value ; Type                                       ;
+----------------+-------+--------------------------------------------+
; larguradados   ; 9     ; Signed Integer                             ;
+----------------+-------+--------------------------------------------+
Note: In order to hide this table in the UI and the text report file, please set the "Show Parameter Settings in Synthesis Report" option in "Analysis and Synthesis Settings -> More Settings" to "Off".


+-------------------------------------------------------------------------+
; Parameter Settings for User Entity Instance: somaConstante:incrementaPC ;
+----------------+-------+------------------------------------------------+
; Parameter Name ; Value ; Type                                           ;
+----------------+-------+------------------------------------------------+
; larguradados   ; 9     ; Signed Integer                                 ;
; constante      ; 1     ; Signed Integer                                 ;
+----------------+-------+------------------------------------------------+
Note: In order to hide this table in the UI and the text report file, please set the "Show Parameter Settings in Synthesis Report" option in "Analysis and Synthesis Settings -> More Settings" to "Off".


+--------------------------------------------------------------+
; Parameter Settings for User Entity Instance: memoriaRAM:RAM1 ;
+----------------+-------+-------------------------------------+
; Parameter Name ; Value ; Type                                ;
+----------------+-------+-------------------------------------+
; datawidth      ; 8     ; Signed Integer                      ;
; addrwidth      ; 8     ; Signed Integer                      ;
+----------------+-------+-------------------------------------+
Note: In order to hide this table in the UI and the text report file, please set the "Show Parameter Settings in Synthesis Report" option in "Analysis and Synthesis Settings -> More Settings" to "Off".


+--------------------------------------------------------------+
; Parameter Settings for User Entity Instance: ULASomaSub:ULA1 ;
+----------------+-------+-------------------------------------+
; Parameter Name ; Value ; Type                                ;
+----------------+-------+-------------------------------------+
; larguradados   ; 8     ; Signed Integer                      ;
+----------------+-------+-------------------------------------+
Note: In order to hide this table in the UI and the text report file, please set the "Show Parameter Settings in Synthesis Report" option in "Analysis and Synthesis Settings -> More Settings" to "Off".


+--------------------------------------------------------------+
; Parameter Settings for User Entity Instance: memoriaROM:ROM1 ;
+----------------+-------+-------------------------------------+
; Parameter Name ; Value ; Type                                ;
+----------------+-------+-------------------------------------+
; datawidth      ; 13    ; Signed Integer                      ;
; addrwidth      ; 9     ; Signed Integer                      ;
+----------------+-------+-------------------------------------+
Note: In order to hide this table in the UI and the text report file, please set the "Show Parameter Settings in Synthesis Report" option in "Analysis and Synthesis Settings -> More Settings" to "Off".


+----------------------------------------------------+
; Port Connectivity Checks: "registradorGenerico:PC" ;
+--------+-------+----------+------------------------+
; Port   ; Type  ; Severity ; Details                ;
+--------+-------+----------+------------------------+
; enable ; Input ; Info     ; Stuck at VCC           ;
; rst    ; Input ; Info     ; Stuck at GND           ;
+--------+-------+----------+------------------------+


+------------------------------------------------------+
; Port Connectivity Checks: "registradorGenerico:REGA" ;
+------+-------+----------+----------------------------+
; Port ; Type  ; Severity ; Details                    ;
+------+-------+----------+----------------------------+
; rst  ; Input ; Info     ; Stuck at GND               ;
+------+-------+----------+----------------------------+


+-----------------------------------------------------+
; Post-Synthesis Netlist Statistics for Top Partition ;
+-----------------------+-----------------------------+
; Type                  ; Count                       ;
+-----------------------+-----------------------------+
; arriav_ff             ; 33                          ;
;     ENA               ; 16                          ;
;     ENA SLD           ; 8                           ;
;     plain             ; 9                           ;
; arriav_lcell_comb     ; 58                          ;
;     arith             ; 17                          ;
;         1 data inputs ; 8                           ;
;         2 data inputs ; 1                           ;
;         5 data inputs ; 8                           ;
;     normal            ; 41                          ;
;         1 data inputs ; 1                           ;
;         2 data inputs ; 5                           ;
;         3 data inputs ; 8                           ;
;         4 data inputs ; 10                          ;
;         5 data inputs ; 12                          ;
;         6 data inputs ; 5                           ;
; boundary_port         ; 38                          ;
;                       ;                             ;
; Max LUT depth         ; 5.40                        ;
; Average LUT depth     ; 3.52                        ;
+-----------------------+-----------------------------+


+-------------------------------+
; Elapsed Time Per Partition    ;
+----------------+--------------+
; Partition Name ; Elapsed Time ;
+----------------+--------------+
; Top            ; 00:00:00     ;
+----------------+--------------+


+-------------------------------+
; Analysis & Synthesis Messages ;
+-------------------------------+
Info: *******************************************************************
Info: Running Quartus Prime Analysis & Synthesis
    Info: Version 20.1.0 Build 711 06/05/2020 SJ Lite Edition
    Info: Processing started: Tue Sep 12 12:06:56 2023
Info: Command: quartus_map --read_settings_files=on --write_settings_files=off class04_activity01 -c class04_activity01
Warning (18236): Number of processors has not been specified which may cause overloading on shared machines.  Set the global assignment NUM_PARALLEL_PROCESSORS in your QSF to an appropriate value for best performance.
Info (20030): Parallel compilation is enabled and will use 14 of the 14 processors detected
Info (12021): Found 2 design units, including 1 entities, in source file toplevel.vhd
    Info (12022): Found design unit 1: topLevel-arquitetura File: C:/Users/Enricco Gemha/Developer/courses-at-Insper/processors/class04_Memory_Values/class04_activity01/topLevel.vhd Line: 23
    Info (12023): Found entity 1: topLevel File: C:/Users/Enricco Gemha/Developer/courses-at-Insper/processors/class04_Memory_Values/class04_activity01/topLevel.vhd Line: 4
Info (12021): Found 2 design units, including 1 entities, in source file decodergeneric.vhd
    Info (12022): Found design unit 1: decoderGeneric-comportamento File: C:/Users/Enricco Gemha/Developer/courses-at-Insper/processors/class04_Memory_Values/class04_activity01/decoderGeneric.vhd Line: 10
    Info (12023): Found entity 1: decoderGeneric File: C:/Users/Enricco Gemha/Developer/courses-at-Insper/processors/class04_Memory_Values/class04_activity01/decoderGeneric.vhd Line: 4
Info (12021): Found 3 design units, including 1 entities, in source file edgedetector.vhd
    Info (12022): Found design unit 1: edgeDetector-bordaSubida File: C:/Users/Enricco Gemha/Developer/courses-at-Insper/processors/class04_Memory_Values/class04_activity01/edgeDetector.vhd Line: 10
    Info (12022): Found design unit 2: edgeDetector-bordaDescida File: C:/Users/Enricco Gemha/Developer/courses-at-Insper/processors/class04_Memory_Values/class04_activity01/edgeDetector.vhd Line: 23
    Info (12023): Found entity 1: edgeDetector File: C:/Users/Enricco Gemha/Developer/courses-at-Insper/processors/class04_Memory_Values/class04_activity01/edgeDetector.vhd Line: 4
Info (12021): Found 2 design units, including 1 entities, in source file memoriarom.vhd
    Info (12022): Found design unit 1: memoriaROM-assincrona File: C:/Users/Enricco Gemha/Developer/courses-at-Insper/processors/class04_Memory_Values/class04_activity01/memoriaROM.vhd Line: 16
    Info (12023): Found entity 1: memoriaROM File: C:/Users/Enricco Gemha/Developer/courses-at-Insper/processors/class04_Memory_Values/class04_activity01/memoriaROM.vhd Line: 5
Info (12021): Found 2 design units, including 1 entities, in source file muxgenerico2x1.vhd
    Info (12022): Found design unit 1: muxGenerico2x1-comportamento File: C:/Users/Enricco Gemha/Developer/courses-at-Insper/processors/class04_Memory_Values/class04_activity01/muxGenerico2x1.vhd Line: 14
    Info (12023): Found entity 1: muxGenerico2x1 File: C:/Users/Enricco Gemha/Developer/courses-at-Insper/processors/class04_Memory_Values/class04_activity01/muxGenerico2x1.vhd Line: 4
Info (12021): Found 2 design units, including 1 entities, in source file registradorgenerico.vhd
    Info (12022): Found design unit 1: registradorGenerico-comportamento File: C:/Users/Enricco Gemha/Developer/courses-at-Insper/processors/class04_Memory_Values/class04_activity01/registradorGenerico.vhd Line: 15
    Info (12023): Found entity 1: registradorGenerico File: C:/Users/Enricco Gemha/Developer/courses-at-Insper/processors/class04_Memory_Values/class04_activity01/registradorGenerico.vhd Line: 4
Info (12021): Found 2 design units, including 1 entities, in source file somaconstante.vhd
    Info (12022): Found design unit 1: somaConstante-comportamento File: C:/Users/Enricco Gemha/Developer/courses-at-Insper/processors/class04_Memory_Values/class04_activity01/somaConstante.vhd Line: 18
    Info (12023): Found entity 1: somaConstante File: C:/Users/Enricco Gemha/Developer/courses-at-Insper/processors/class04_Memory_Values/class04_activity01/somaConstante.vhd Line: 5
Info (12021): Found 2 design units, including 1 entities, in source file ulasomasub.vhd
    Info (12022): Found design unit 1: ULASomaSub-comportamento File: C:/Users/Enricco Gemha/Developer/courses-at-Insper/processors/class04_Memory_Values/class04_activity01/ULASomaSub.vhd Line: 14
    Info (12023): Found entity 1: ULASomaSub File: C:/Users/Enricco Gemha/Developer/courses-at-Insper/processors/class04_Memory_Values/class04_activity01/ULASomaSub.vhd Line: 5
Info (12021): Found 2 design units, including 1 entities, in source file memoriaram.vhd
    Info (12022): Found design unit 1: memoriaRAM-rtl File: C:/Users/Enricco Gemha/Developer/courses-at-Insper/processors/class04_Memory_Values/class04_activity01/memoriaRAM.vhd Line: 21
    Info (12023): Found entity 1: memoriaRAM File: C:/Users/Enricco Gemha/Developer/courses-at-Insper/processors/class04_Memory_Values/class04_activity01/memoriaRAM.vhd Line: 5
Info (12127): Elaborating entity "topLevel" for the top level hierarchy
Info (12128): Elaborating entity "muxGenerico2x1" for hierarchy "muxGenerico2x1:MUX1" File: C:/Users/Enricco Gemha/Developer/courses-at-Insper/processors/class04_Memory_Values/class04_activity01/topLevel.vhd Line: 70
Info (12128): Elaborating entity "registradorGenerico" for hierarchy "registradorGenerico:REGA" File: C:/Users/Enricco Gemha/Developer/courses-at-Insper/processors/class04_Memory_Values/class04_activity01/topLevel.vhd Line: 77
Info (12128): Elaborating entity "registradorGenerico" for hierarchy "registradorGenerico:PC" File: C:/Users/Enricco Gemha/Developer/courses-at-Insper/processors/class04_Memory_Values/class04_activity01/topLevel.vhd Line: 81
Info (12128): Elaborating entity "somaConstante" for hierarchy "somaConstante:incrementaPC" File: C:/Users/Enricco Gemha/Developer/courses-at-Insper/processors/class04_Memory_Values/class04_activity01/topLevel.vhd Line: 84
Info (12128): Elaborating entity "memoriaRAM" for hierarchy "memoriaRAM:RAM1" File: C:/Users/Enricco Gemha/Developer/courses-at-Insper/processors/class04_Memory_Values/class04_activity01/topLevel.vhd Line: 88
Info (12128): Elaborating entity "ULASomaSub" for hierarchy "ULASomaSub:ULA1" File: C:/Users/Enricco Gemha/Developer/courses-at-Insper/processors/class04_Memory_Values/class04_activity01/topLevel.vhd Line: 92
Info (12128): Elaborating entity "memoriaROM" for hierarchy "memoriaROM:ROM1" File: C:/Users/Enricco Gemha/Developer/courses-at-Insper/processors/class04_Memory_Values/class04_activity01/topLevel.vhd Line: 96
Info (12128): Elaborating entity "decoderGeneric" for hierarchy "decoderGeneric:DEC" File: C:/Users/Enricco Gemha/Developer/courses-at-Insper/processors/class04_Memory_Values/class04_activity01/topLevel.vhd Line: 100
Info (276014): Found 1 instances of uninferred RAM logic
    Info (276007): RAM logic "memoriaRAM:RAM1|ram" is uninferred due to asynchronous read logic File: C:/Users/Enricco Gemha/Developer/courses-at-Insper/processors/class04_Memory_Values/class04_activity01/memoriaRAM.vhd Line: 27
Warning (13046): Tri-state node(s) do not directly drive top-level pin(s)
    Warning (13049): Converted tri-state buffer "memoriaRAM:RAM1|dado_out[0]" feeding internal logic into a wire File: C:/Users/Enricco Gemha/Developer/courses-at-Insper/processors/class04_Memory_Values/class04_activity01/memoriaRAM.vhd Line: 17
    Warning (13049): Converted tri-state buffer "memoriaRAM:RAM1|dado_out[1]" feeding internal logic into a wire File: C:/Users/Enricco Gemha/Developer/courses-at-Insper/processors/class04_Memory_Values/class04_activity01/memoriaRAM.vhd Line: 17
    Warning (13049): Converted tri-state buffer "memoriaRAM:RAM1|dado_out[2]" feeding internal logic into a wire File: C:/Users/Enricco Gemha/Developer/courses-at-Insper/processors/class04_Memory_Values/class04_activity01/memoriaRAM.vhd Line: 17
    Warning (13049): Converted tri-state buffer "memoriaRAM:RAM1|dado_out[3]" feeding internal logic into a wire File: C:/Users/Enricco Gemha/Developer/courses-at-Insper/processors/class04_Memory_Values/class04_activity01/memoriaRAM.vhd Line: 17
    Warning (13049): Converted tri-state buffer "memoriaRAM:RAM1|dado_out[4]" feeding internal logic into a wire File: C:/Users/Enricco Gemha/Developer/courses-at-Insper/processors/class04_Memory_Values/class04_activity01/memoriaRAM.vhd Line: 17
    Warning (13049): Converted tri-state buffer "memoriaRAM:RAM1|dado_out[5]" feeding internal logic into a wire File: C:/Users/Enricco Gemha/Developer/courses-at-Insper/processors/class04_Memory_Values/class04_activity01/memoriaRAM.vhd Line: 17
    Warning (13049): Converted tri-state buffer "memoriaRAM:RAM1|dado_out[6]" feeding internal logic into a wire File: C:/Users/Enricco Gemha/Developer/courses-at-Insper/processors/class04_Memory_Values/class04_activity01/memoriaRAM.vhd Line: 17
    Warning (13049): Converted tri-state buffer "memoriaRAM:RAM1|dado_out[7]" feeding internal logic into a wire File: C:/Users/Enricco Gemha/Developer/courses-at-Insper/processors/class04_Memory_Values/class04_activity01/memoriaRAM.vhd Line: 17
Info (286030): Timing-Driven Synthesis is running
Info (16010): Generating hard_block partition "hard_block:auto_generated_inst"
    Info (16011): Adding 0 node(s), including 0 DDIO, 0 PLL, 0 transceiver and 0 LCELL
Warning (21074): Design contains 4 input pin(s) that do not drive logic
    Warning (15610): No output dependent on input pin "CLOCK_50" File: C:/Users/Enricco Gemha/Developer/courses-at-Insper/processors/class04_Memory_Values/class04_activity01/topLevel.vhd Line: 13
    Warning (15610): No output dependent on input pin "KEY[1]" File: C:/Users/Enricco Gemha/Developer/courses-at-Insper/processors/class04_Memory_Values/class04_activity01/topLevel.vhd Line: 14
    Warning (15610): No output dependent on input pin "KEY[2]" File: C:/Users/Enricco Gemha/Developer/courses-at-Insper/processors/class04_Memory_Values/class04_activity01/topLevel.vhd Line: 14
    Warning (15610): No output dependent on input pin "KEY[3]" File: C:/Users/Enricco Gemha/Developer/courses-at-Insper/processors/class04_Memory_Values/class04_activity01/topLevel.vhd Line: 14
Info (21057): Implemented 112 device resources after synthesis - the final resource count might be different
    Info (21058): Implemented 5 input pins
    Info (21059): Implemented 33 output pins
    Info (21061): Implemented 74 logic cells
Info: Quartus Prime Analysis & Synthesis was successful. 0 errors, 15 warnings
    Info: Peak virtual memory: 4865 megabytes
    Info: Processing ended: Tue Sep 12 12:07:03 2023
    Info: Elapsed time: 00:00:07
    Info: Total CPU time (on all processors): 00:00:04


