Flow report for class02_activity01
Wed Aug 23 11:28:44 2023
Quartus Prime Version 20.1.0 Build 711 06/05/2020 SJ Lite Edition


---------------------
; Table of Contents ;
---------------------
  1. Legal Notice
  2. Flow Summary
  3. Flow Settings
  4. Flow Non-Default Global Settings
  5. Flow Elapsed Time
  6. Flow OS Summary
  7. Flow Log
  8. Flow Messages
  9. Flow Suppressed Messages



----------------
; Legal Notice ;
----------------
Copyright (C) 2020  Intel Corporation. All rights reserved.
Your use of Intel Corporation's design tools, logic functions 
and other software and tools, and any partner logic 
functions, and any output files from any of the foregoing 
(including device programming or simulation files), and any 
associated documentation or information are expressly subject 
to the terms and conditions of the Intel Program License 
Subscription Agreement, the Intel Quartus Prime License Agreement,
the Intel FPGA IP License Agreement, or other applicable license
agreement, including, without limitation, that your use is for
the sole purpose of programming logic devices manufactured by
Intel and sold by Intel or its authorized distributors.  Please
refer to the applicable agreement for further details, at
https://fpgasoftware.intel.com/eula.



+-------------------------------------------------------------------------------+
; Flow Summary                                                                  ;
+---------------------------------+---------------------------------------------+
; Flow Status                     ; Successful - Wed Aug 23 11:28:44 2023       ;
; Quartus Prime Version           ; 20.1.0 Build 711 06/05/2020 SJ Lite Edition ;
; Revision Name                   ; class02_activity01                          ;
; Top-level Entity Name           ; topLevel                                    ;
; Family                          ; Cyclone V                                   ;
; Device                          ; 5CGXFC7C7F23C8                              ;
; Timing Models                   ; Final                                       ;
; Logic utilization (in ALMs)     ; 6 / 56,480 ( < 1 % )                        ;
; Total registers                 ; 0                                           ;
; Total pins                      ; 18 / 268 ( 7 % )                            ;
; Total virtual pins              ; 0                                           ;
; Total block memory bits         ; 0 / 7,024,640 ( 0 % )                       ;
; Total DSP Blocks                ; 0 / 156 ( 0 % )                             ;
; Total HSSI RX PCSs              ; 0 / 6 ( 0 % )                               ;
; Total HSSI PMA RX Deserializers ; 0 / 6 ( 0 % )                               ;
; Total HSSI TX PCSs              ; 0 / 6 ( 0 % )                               ;
; Total HSSI PMA TX Serializers   ; 0 / 6 ( 0 % )                               ;
; Total PLLs                      ; 0 / 13 ( 0 % )                              ;
; Total DLLs                      ; 0 / 4 ( 0 % )                               ;
+---------------------------------+---------------------------------------------+


+-----------------------------------------+
; Flow Settings                           ;
+-------------------+---------------------+
; Option            ; Setting             ;
+-------------------+---------------------+
; Start date & time ; 08/23/2023 11:03:54 ;
; Main task         ; Compilation         ;
; Revision Name     ; class02_activity01  ;
+-------------------+---------------------+


+------------------------------------------------------------------------------------------------------------------------------+
; Flow Non-Default Global Settings                                                                                             ;
+-------------------------------------+----------------------------------------+--------------------+-------------+------------+
; Assignment Name                     ; Value                                  ; Default Value      ; Entity Name ; Section Id ;
+-------------------------------------+----------------------------------------+--------------------+-------------+------------+
; COMPILER_SIGNATURE_ID               ; 10995770589191.169279943424680         ; --                 ; --          ; --         ;
; PARTITION_COLOR                     ; -- (Not supported for targeted family) ; --                 ; topLevel    ; Top        ;
; PARTITION_FITTER_PRESERVATION_LEVEL ; -- (Not supported for targeted family) ; --                 ; topLevel    ; Top        ;
; PARTITION_NETLIST_TYPE              ; -- (Not supported for targeted family) ; --                 ; topLevel    ; Top        ;
; TOP_LEVEL_ENTITY                    ; topLevel                               ; class02_activity01 ; --          ; --         ;
+-------------------------------------+----------------------------------------+--------------------+-------------+------------+


+--------------------------------------------------------------------------------------------------------------------------+
; Flow Elapsed Time                                                                                                        ;
+----------------------+--------------+-------------------------+---------------------+------------------------------------+
; Module Name          ; Elapsed Time ; Average Processors Used ; Peak Virtual Memory ; Total CPU Time (on all processors) ;
+----------------------+--------------+-------------------------+---------------------+------------------------------------+
; Analysis & Synthesis ; 00:00:08     ; 1.0                     ; 4870 MB             ; 00:00:08                           ;
; Fitter               ; 00:00:41     ; 1.0                     ; 7674 MB             ; 00:00:43                           ;
; Assembler            ; 00:00:09     ; 1.0                     ; 4834 MB             ; 00:00:03                           ;
; Timing Analyzer      ; 00:00:04     ; 1.1                     ; 5258 MB             ; 00:00:02                           ;
; EDA Netlist Writer   ; 00:00:01     ; 1.0                     ; 4722 MB             ; 00:00:00                           ;
; EDA Netlist Writer   ; 00:00:00     ; 1.0                     ; 4721 MB             ; 00:00:00                           ;
; EDA Netlist Writer   ; 00:00:00     ; 1.0                     ; 4721 MB             ; 00:00:00                           ;
; EDA Netlist Writer   ; 00:00:00     ; 1.0                     ; 4730 MB             ; 00:00:00                           ;
; EDA Netlist Writer   ; 00:00:01     ; 1.0                     ; 4721 MB             ; 00:00:00                           ;
; EDA Netlist Writer   ; 00:00:00     ; 1.0                     ; 4730 MB             ; 00:00:00                           ;
; EDA Netlist Writer   ; 00:00:00     ; 1.0                     ; 4721 MB             ; 00:00:00                           ;
; EDA Netlist Writer   ; 00:00:01     ; 1.0                     ; 4730 MB             ; 00:00:00                           ;
; Total                ; 00:01:05     ; --                      ; --                  ; 00:00:56                           ;
+----------------------+--------------+-------------------------+---------------------+------------------------------------+


+------------------------------------------------------------------------------------+
; Flow OS Summary                                                                    ;
+----------------------+------------------+------------+------------+----------------+
; Module Name          ; Machine Hostname ; OS Name    ; OS Version ; Processor type ;
+----------------------+------------------+------------+------------+----------------+
; Analysis & Synthesis ; DESKTOP-833SR39  ; Windows 10 ; 10.0       ; x86_64         ;
; Fitter               ; DESKTOP-833SR39  ; Windows 10 ; 10.0       ; x86_64         ;
; Assembler            ; DESKTOP-833SR39  ; Windows 10 ; 10.0       ; x86_64         ;
; Timing Analyzer      ; DESKTOP-833SR39  ; Windows 10 ; 10.0       ; x86_64         ;
; EDA Netlist Writer   ; DESKTOP-833SR39  ; Windows 10 ; 10.0       ; x86_64         ;
; EDA Netlist Writer   ; DESKTOP-833SR39  ; Windows 10 ; 10.0       ; x86_64         ;
; EDA Netlist Writer   ; DESKTOP-833SR39  ; Windows 10 ; 10.0       ; x86_64         ;
; EDA Netlist Writer   ; DESKTOP-833SR39  ; Windows 10 ; 10.0       ; x86_64         ;
; EDA Netlist Writer   ; DESKTOP-833SR39  ; Windows 10 ; 10.0       ; x86_64         ;
; EDA Netlist Writer   ; DESKTOP-833SR39  ; Windows 10 ; 10.0       ; x86_64         ;
; EDA Netlist Writer   ; DESKTOP-833SR39  ; Windows 10 ; 10.0       ; x86_64         ;
; EDA Netlist Writer   ; DESKTOP-833SR39  ; Windows 10 ; 10.0       ; x86_64         ;
+----------------------+------------------+------------+------------+----------------+


------------
; Flow Log ;
------------
quartus_map --read_settings_files=on --write_settings_files=off class02_activity01 -c class02_activity01
quartus_fit --read_settings_files=off --write_settings_files=off class02_activity01 -c class02_activity01
quartus_asm --read_settings_files=off --write_settings_files=off class02_activity01 -c class02_activity01
quartus_sta class02_activity01 -c class02_activity01
quartus_eda --gen_testbench --tool=modelsim_oem --format=vhdl --write_settings_files=off class02_activity01 -c class02_activity01 --vector_source="C:/Users/Enricco Gemha/Developer/courses-at-Insper/processors/class02_RAM_in_VHDL/class02_activity01/Waveform.vwf" --testbench_file="C:/Users/Enricco Gemha/Developer/courses-at-Insper/processors/class02_RAM_in_VHDL/class02_activity01/simulation/qsim/Waveform.vwf.vht"
quartus_eda --gen_testbench --tool=modelsim_oem --format=vhdl --write_settings_files=off class02_activity01 -c class02_activity01 --vector_source="C:/Users/Enricco Gemha/Developer/courses-at-Insper/processors/class02_RAM_in_VHDL/class02_activity01/Waveform.vwf" --testbench_file="C:/Users/Enricco Gemha/Developer/courses-at-Insper/processors/class02_RAM_in_VHDL/class02_activity01/simulation/qsim/Waveform.vwf.vht"
quartus_eda --gen_testbench --tool=modelsim_oem --format=vhdl --write_settings_files=off class02_activity01 -c class02_activity01 --vector_source="C:/Users/Enricco Gemha/Developer/courses-at-Insper/processors/class02_RAM_in_VHDL/class02_activity01/Waveform.vwf" --testbench_file="C:/Users/Enricco Gemha/Developer/courses-at-Insper/processors/class02_RAM_in_VHDL/class02_activity01/simulation/qsim/Waveform.vwf.vht"
quartus_eda --write_settings_files=off --simulation=on --functional=on --flatten_buses=off --tool=modelsim_oem --format=vhdl --output_directory="C:/Users/Enricco Gemha/Developer/courses-at-Insper/processors/class02_RAM_in_VHDL/class02_activity01/simulation/qsim/" class02_activity01 -c class02_activity01
quartus_eda --gen_testbench --tool=modelsim_oem --format=vhdl --write_settings_files=off class02_activity01 -c class02_activity01 --vector_source="C:/Users/Enricco Gemha/Developer/courses-at-Insper/processors/class02_RAM_in_VHDL/class02_activity01/Waveform.vwf" --testbench_file="C:/Users/Enricco Gemha/Developer/courses-at-Insper/processors/class02_RAM_in_VHDL/class02_activity01/simulation/qsim/Waveform.vwf.vht"
quartus_eda --write_settings_files=off --simulation=on --functional=on --flatten_buses=off --tool=modelsim_oem --format=vhdl --output_directory="C:/Users/Enricco Gemha/Developer/courses-at-Insper/processors/class02_RAM_in_VHDL/class02_activity01/simulation/qsim/" class02_activity01 -c class02_activity01
quartus_eda --gen_testbench --tool=modelsim_oem --format=vhdl --write_settings_files=off class02_activity01 -c class02_activity01 --vector_source="C:/Users/Enricco Gemha/Developer/courses-at-Insper/processors/class02_RAM_in_VHDL/class02_activity01/Waveform.vwf" --testbench_file="C:/Users/Enricco Gemha/Developer/courses-at-Insper/processors/class02_RAM_in_VHDL/class02_activity01/simulation/qsim/Waveform.vwf.vht"
quartus_eda --write_settings_files=off --simulation=on --functional=on --flatten_buses=off --tool=modelsim_oem --format=vhdl --output_directory="C:/Users/Enricco Gemha/Developer/courses-at-Insper/processors/class02_RAM_in_VHDL/class02_activity01/simulation/qsim/" class02_activity01 -c class02_activity01



